<?xml version="1.0" encoding="UTF-8"?>
<!-- Generated by org.testng.reporters.JUnitXMLReporter -->
<testsuite ignored="0" hostname="DESKTOP-6N8AG8M" failures="0" tests="9" name="Test on Chrome" time="325.1" errors="0" timestamp="2026-02-08T21:43:12 IST">
  <testcase classname="amazon_10Scenarios.TC_01" name="searchShoe" time="15.363"/>
  <testcase classname="amazon_10Scenarios.TC_02" name="selectMobile" time="28.401"/>
  <testcase classname="amazon_10Scenarios.TC_03" name="selectMouse" time="13.066"/>
  <testcase classname="amazon_10Scenarios.TC_04" name="selectMobileCover" time="22.553"/>
  <testcase classname="amazon_10Scenarios.TC_05" name="select15thCamera" time="18.5"/>
  <testcase classname="amazon_10Scenarios.TC_06" name="selectBrand" time="23.433"/>
  <testcase classname="amazon_10Scenarios.TC_07" name="selectMango" time="8.432"/>
  <testcase classname="amazon_10Scenarios.TC_09" name="selectBook" time="19.707"/>
  <testcase classname="amazon_10Scenarios.TC_10" name="selectBook" time="12.858"/>
</testsuite> <!-- Test on Chrome -->
