<?xml version="1.0" encoding="UTF-8"?>
<!-- Generated by org.testng.reporters.JUnitXMLReporter -->
<testsuite ignored="0" hostname="DESKTOP-6N8AG8M" failures="0" tests="9" name="Test on Edge" time="325.473" errors="0" timestamp="2026-02-08T21:43:13 IST">
  <testcase classname="amazon_10Scenarios.TC_01" name="searchShoe" time="12.397"/>
  <testcase classname="amazon_10Scenarios.TC_02" name="selectMobile" time="38.333"/>
  <testcase classname="amazon_10Scenarios.TC_03" name="selectMouse" time="21.024"/>
  <testcase classname="amazon_10Scenarios.TC_04" name="selectMobileCover" time="16.703"/>
  <testcase classname="amazon_10Scenarios.TC_05" name="select15thCamera" time="15.419"/>
  <testcase classname="amazon_10Scenarios.TC_06" name="selectBrand" time="21.903"/>
  <testcase classname="amazon_10Scenarios.TC_07" name="selectMango" time="9.524"/>
  <testcase classname="amazon_10Scenarios.TC_09" name="selectBook" time="20.764"/>
  <testcase classname="amazon_10Scenarios.TC_10" name="selectBook" time="38.042"/>
</testsuite> <!-- Test on Edge -->
