<?xml version="1.0" encoding="UTF-8"?>
<!-- Generated by org.testng.reporters.JUnitXMLReporter -->
<testsuite ignored="0" hostname="DESKTOP-6N8AG8M" failures="0" tests="5" name="Integration Test Cases" time="0.093" errors="0" timestamp="2026-02-03T23:11:29 IST">
  <testcase classname="basics.Prog1" name="login" time="0.01"/>
  <testcase classname="basics.Prog2" name="searching" time="0.003"/>
  <testcase classname="basics.Prog3" name="addToWishList" time="0.003"/>
  <testcase classname="basics.Prog4" name="addToCart" time="0.003"/>
  <testcase classname="basics.Prog5" name="logout" time="0.001"/>
</testsuite> <!-- Integration Test Cases -->
