<?xml version="1.0" encoding="UTF-8"?>
<!-- Generated by org.testng.reporters.JUnitXMLReporter -->
<testsuite ignored="3" hostname="DESKTOP-6N8AG8M" failures="0" tests="2" name="Test" time="0.121" errors="0" timestamp="2026-02-09T20:36:39 IST">
  <testcase classname="grouping.GroupigTest" name="Test2" time="0.017"/>
  <testcase classname="grouping.GroupigTest" name="Test3" time="0.002"/>
  <testcase classname="grouping.GroupigTest" name="Test4" time="0.0">
    <ignored/>
  </testcase> <!-- Test4 -->
  <testcase classname="grouping.GroupigTest" name="Test5" time="0.0">
    <ignored/>
  </testcase> <!-- Test5 -->
  <testcase classname="grouping.GroupigTest" name="Test1" time="0.0">
    <ignored/>
  </testcase> <!-- Test1 -->
</testsuite> <!-- Test -->
