<?xml version="1.0" encoding="UTF-8"?>
<!-- Generated by org.testng.reporters.JUnitXMLReporter -->
<testsuite ignored="2" hostname="DESKTOP-6N8AG8M" failures="0" tests="3" name="Test2" time="0.028" errors="0" timestamp="2026-02-09T20:48:03 IST">
  <testcase classname="grouping.GroupigTest" name="Test1" time="0.003"/>
  <testcase classname="grouping.GroupigTest" name="Test2" time="0.004"/>
  <testcase classname="grouping.GroupigTest" name="Test5" time="0.003"/>
  <testcase classname="grouping.GroupigTest" name="Test4" time="0.0">
    <ignored/>
  </testcase> <!-- Test4 -->
  <testcase classname="grouping.GroupigTest" name="Test3" time="0.0">
    <ignored/>
  </testcase> <!-- Test3 -->
</testsuite> <!-- Test2 -->
