<?xml version="1.0" encoding="UTF-8"?>
<testng-results ignored="0" total="1" passed="1" failed="0" skipped="0">
  <reporter-output>
  </reporter-output>
  <suite started-at="2026-02-23T23:15:48 IST" name="Default suite" finished-at="2026-02-23T23:16:01 IST" duration-ms="12410">
    <groups>
    </groups>
    <test started-at="2026-02-23T23:15:48 IST" name="Default test" finished-at="2026-02-23T23:16:01 IST" duration-ms="12410">
      <class name="headlessBrowser.HeadlessBrowser">
        <test-method signature="test()[pri:0, instance:headlessBrowser.HeadlessBrowser@3eb738bb]" started-at="2026-02-23T23:15:48 IST" name="test" finished-at="2026-02-23T23:16:01 IST" duration-ms="12358" status="PASS">
          <reporter-output>
          </reporter-output>
        </test-method> <!-- test -->
      </class> <!-- headlessBrowser.HeadlessBrowser -->
    </test> <!-- Default test -->
  </suite> <!-- Default suite -->
</testng-results>
