<?xml version="1.0" encoding="UTF-8"?>
<testng-results ignored="0" total="1" passed="1" failed="0" skipped="0">
  <reporter-output>
  </reporter-output>
  <suite started-at="2026-02-13T21:04:39 IST" name="Default suite" finished-at="2026-02-13T21:05:31 IST" duration-ms="52496">
    <groups>
    </groups>
    <test started-at="2026-02-13T21:04:39 IST" name="Default test" finished-at="2026-02-13T21:05:31 IST" duration-ms="52496">
      <class name="assertDemo.A02_AssertAmazon">
        <test-method signature="testAssert()[pri:0, instance:assertDemo.A02_AssertAmazon@477b4cdf]" started-at="2026-02-13T21:04:39 IST" name="testAssert" finished-at="2026-02-13T21:05:31 IST" duration-ms="52411" status="PASS">
          <reporter-output>
          </reporter-output>
        </test-method> <!-- testAssert -->
      </class> <!-- assertDemo.A02_AssertAmazon -->
    </test> <!-- Default test -->
  </suite> <!-- Default suite -->
</testng-results>
