<?xml version="1.0" encoding="UTF-8"?>
<!-- Generated by org.testng.reporters.JUnitReportReporter -->
<testsuite hostname="DESKTOP-6N8AG8M" failures="0" tests="3" name="parallelBrowser.ParallelBrowserTest" time="51.691" errors="0" timestamp="2026-02-05T23:59:15 IST" skipped="0">
  <testcase classname="parallelBrowser.ParallelBrowserTest" name="crossBrowserTesting" time="14.676"/>
  <testcase classname="parallelBrowser.ParallelBrowserTest" name="crossBrowserTesting" time="17.878"/>
  <testcase classname="parallelBrowser.ParallelBrowserTest" name="crossBrowserTesting" time="19.137"/>
</testsuite> <!-- parallelBrowser.ParallelBrowserTest -->
