<?xml version="1.0" encoding="UTF-8"?>
<!-- Generated by org.testng.reporters.JUnitReportReporter -->
<testsuite hostname="DESKTOP-6N8AG8M" failures="0" tests="3" name="amazon_10Scenarios.TC_05" time="130.831" errors="0" timestamp="2026-02-08T21:43:45 IST" skipped="0">
  <testcase classname="amazon_10Scenarios.TC_05" name="select15thCamera" time="35.961"/>
  <testcase classname="amazon_10Scenarios.TC_05" name="select15thCamera" time="41.218"/>
  <testcase classname="amazon_10Scenarios.TC_05" name="select15thCamera" time="53.652"/>
</testsuite> <!-- amazon_10Scenarios.TC_05 -->
