<?xml version="1.0" encoding="UTF-8"?>
<!-- Generated by org.testng.reporters.JUnitReportReporter -->
<testsuite hostname="DESKTOP-6N8AG8M" failures="0" tests="3" name="amazon_10Scenarios.TC_09" time="82.066" errors="0" timestamp="2026-02-08T21:43:45 IST" skipped="0">
  <testcase classname="amazon_10Scenarios.TC_09" name="selectBook" time="31.713"/>
  <testcase classname="amazon_10Scenarios.TC_09" name="selectBook" time="31.265"/>
  <testcase classname="amazon_10Scenarios.TC_09" name="selectBook" time="19.088"/>
</testsuite> <!-- amazon_10Scenarios.TC_09 -->
