<?xml version="1.0" encoding="UTF-8"?>
<!-- Generated by org.testng.reporters.JUnitReportReporter -->
<testsuite hostname="DESKTOP-6N8AG8M" failures="0" tests="3" name="amazon_10Scenarios.TC_03" time="120.327" errors="0" timestamp="2026-02-08T21:43:45 IST" skipped="0">
  <testcase classname="amazon_10Scenarios.TC_03" name="selectMouse" time="28.565"/>
  <testcase classname="amazon_10Scenarios.TC_03" name="selectMouse" time="28.510"/>
  <testcase classname="amazon_10Scenarios.TC_03" name="selectMouse" time="63.252"/>
</testsuite> <!-- amazon_10Scenarios.TC_03 -->
