<?xml version="1.0" encoding="UTF-8"?>
<!-- Generated by org.testng.reporters.JUnitReportReporter -->
<testsuite hostname="DESKTOP-6N8AG8M" failures="0" tests="5" name="grouping.GroupigTest" time="0.023" errors="0" timestamp="2026-02-09T20:48:03 IST" skipped="0">
  <testcase classname="grouping.GroupigTest" name="Test3" time="0.001"/>
  <testcase classname="grouping.GroupigTest" name="Test5" time="0.003"/>
  <testcase classname="grouping.GroupigTest" name="Test1" time="0.003"/>
  <testcase classname="grouping.GroupigTest" name="Test2" time="0.012"/>
  <testcase classname="grouping.GroupigTest" name="Test2" time="0.004"/>
</testsuite> <!-- grouping.GroupigTest -->
