<?xml version="1.0" encoding="UTF-8"?>
<!-- Generated by org.testng.reporters.JUnitReportReporter -->
<testsuite hostname="DESKTOP-6N8AG8M" failures="0" tests="10" name="dataProvider.DataProvider_Basic" time="0.032" errors="0" timestamp="2026-02-09T22:33:41 IST" skipped="0">
  <testcase classname="dataProvider.DataProvider_Basic" name="stringTestData" time="0.003"/>
  <testcase classname="dataProvider.DataProvider_Basic" name="intTestData" time="0.003"/>
  <testcase classname="dataProvider.DataProvider_Basic" name="stringTestData" time="0.003"/>
  <testcase classname="dataProvider.DataProvider_Basic" name="intTestData" time="0.002"/>
  <testcase classname="dataProvider.DataProvider_Basic" name="intTestData" time="0.002"/>
  <testcase classname="dataProvider.DataProvider_Basic" name="intTestData" time="0.003"/>
  <testcase classname="dataProvider.DataProvider_Basic" name="stringTestData" time="0.004"/>
  <testcase classname="dataProvider.DataProvider_Basic" name="intTestData" time="0.003"/>
  <testcase classname="dataProvider.DataProvider_Basic" name="intTestData" time="0.008"/>
  <testcase classname="dataProvider.DataProvider_Basic" name="stringTestData" time="0.001"/>
</testsuite> <!-- dataProvider.DataProvider_Basic -->
