<?xml version="1.0" encoding="UTF-8"?>
<!-- Generated by org.testng.reporters.JUnitReportReporter -->
<testsuite hostname="DESKTOP-6N8AG8M" failures="0" tests="2" name="annotationsDemo.TestNG_AnnotationsWith2Test" time="0.017" errors="0" timestamp="2026-02-03T23:37:49 IST" skipped="0">
  <testcase classname="annotationsDemo.TestNG_AnnotationsWith2Test" name="test2" time="0.006"/>
  <testcase classname="annotationsDemo.TestNG_AnnotationsWith2Test" name="test1" time="0.011"/>
</testsuite> <!-- annotationsDemo.TestNG_AnnotationsWith2Test -->
