<?xml version="1.0" encoding="UTF-8"?>
<!-- Generated by org.testng.reporters.JUnitReportReporter -->
<testsuite hostname="DESKTOP-6N8AG8M" failures="0" tests="3" name="amazon_10Scenarios.TC_06" time="113.150" errors="0" timestamp="2026-02-08T21:43:45 IST" skipped="0">
  <testcase classname="amazon_10Scenarios.TC_06" name="selectBrand" time="39.974"/>
  <testcase classname="amazon_10Scenarios.TC_06" name="selectBrand" time="37.825"/>
  <testcase classname="amazon_10Scenarios.TC_06" name="selectBrand" time="35.351"/>
</testsuite> <!-- amazon_10Scenarios.TC_06 -->
