<?xml version="1.0" encoding="UTF-8"?>
<!-- Generated by org.testng.reporters.JUnitReportReporter -->
<testsuite hostname="DESKTOP-6N8AG8M" failures="0" tests="3" name="amazon_10Scenarios.TC_10" time="107.043" errors="0" timestamp="2026-02-08T21:43:45 IST" skipped="0">
  <testcase classname="amazon_10Scenarios.TC_10" name="selectBook" time="46.596"/>
  <testcase classname="amazon_10Scenarios.TC_10" name="selectBook" time="13.347"/>
  <testcase classname="amazon_10Scenarios.TC_10" name="selectBook" time="47.100"/>
</testsuite> <!-- amazon_10Scenarios.TC_10 -->
