<?xml version="1.0" encoding="UTF-8"?>
<!-- Generated by org.testng.reporters.JUnitReportReporter -->
<testsuite hostname="DESKTOP-6N8AG8M" failures="0" tests="3" name="amazon_10Scenarios.TC_04" time="113.578" errors="0" timestamp="2026-02-08T21:43:45 IST" skipped="0">
  <testcase classname="amazon_10Scenarios.TC_04" name="selectMobileCover" time="37.065"/>
  <testcase classname="amazon_10Scenarios.TC_04" name="selectMobileCover" time="42.006"/>
  <testcase classname="amazon_10Scenarios.TC_04" name="selectMobileCover" time="34.507"/>
</testsuite> <!-- amazon_10Scenarios.TC_04 -->
